<?xml version="1.0" encoding="utf-8"?><testsuites><testsuite name="pytest" errors="0" failures="0" skipped="0" tests="74" time="12.723" timestamp="2025-04-06T08:26:25.117558-04:00" hostname="NitinHPLaptop"><testcase classname="tests.test_bulkupdate.TestOpenSearchBulkIngestion" name="test_arguments_printing" time="0.143" /><testcase classname="tests.test_bulkupdate.TestOpenSearchBulkIngestion" name="test_clear_processed_files" time="0.010" /><testcase classname="tests.test_bulkupdate.TestOpenSearchBulkIngestion" name="test_determine_file_type" time="0.006" /><testcase classname="tests.test_bulkupdate.TestOpenSearchBulkIngestion" name="test_filter_s3_files" time="0.006" /><testcase classname="tests.test_bulkupdate.TestOpenSearchBulkIngestion" name="test_format_verification_result" time="0.006" /><testcase classname="tests.test_bulkupdate.TestOpenSearchBulkIngestion" name="test_get_file_identifier" time="0.006" /><testcase classname="tests.test_bulkupdate.TestOpenSearchBulkIngestion" name="test_get_processed_files" time="0.007" /><testcase classname="tests.test_bulkupdate.TestOpenSearchBulkIngestion" name="test_handle_verification_error" time="0.006" /><testcase classname="tests.test_bulkupdate.TestOpenSearchBulkIngestion" name="test_ingest_data_no_files" time="0.013" /><testcase classname="tests.test_bulkupdate.TestOpenSearchBulkIngestion" name="test_ingest_data_success" time="0.013" /><testcase classname="tests.test_bulkupdate.TestOpenSearchBulkIngestion" name="test_init" time="0.006" /><testcase classname="tests.test_bulkupdate.TestOpenSearchBulkIngestion" name="test_process_files" time="0.020" /><testcase classname="tests.test_bulkupdate.TestOpenSearchBulkIngestion" name="test_process_local_sources" time="0.006" /><testcase classname="tests.test_bulkupdate.TestOpenSearchBulkIngestion" name="test_process_s3_source" time="0.007" /><testcase classname="tests.test_bulkupdate.TestOpenSearchBulkIngestion" name="test_update_processed_files" time="0.061" /><testcase classname="tests.test_bulkupdate.TestOpenSearchBulkIngestion" name="test_verify_document_count_mismatch" time="0.007" /><testcase classname="tests.test_bulkupdate.TestOpenSearchBulkIngestion" name="test_verify_document_count_success" time="0.006" /><testcase classname="tests.test_bulkupdate.TestOpenSearchBulkIngestion" name="test_verify_results_error" time="0.006" /><testcase classname="tests.test_bulkupdate.TestOpenSearchBulkIngestion" name="test_verify_results_success" time="0.006" /><testcase classname="tests.test_file_processor.TestFileProcessor" name="test_create_bulk_request" time="0.002" /><testcase classname="tests.test_file_processor.TestFileProcessor" name="test_create_document" time="0.003" /><testcase classname="tests.test_file_processor.TestFileProcessor" name="test_get_file_content_local" time="0.002" /><testcase classname="tests.test_file_processor.TestFileProcessor" name="test_get_file_content_s3" time="0.001" /><testcase classname="tests.test_file_processor.TestFileProcessor" name="test_get_files_by_type" time="0.002" /><testcase classname="tests.test_file_processor.TestFileProcessor" name="test_init" time="0.001" /><testcase classname="tests.test_file_processor.TestFileProcessor" name="test_process_batch_error" time="0.002" /><testcase classname="tests.test_file_processor.TestFileProcessor" name="test_process_batch_success" time="0.002" /><testcase classname="tests.test_file_processor.TestFileProcessor" name="test_process_batch_worker" time="0.002" /><testcase classname="tests.test_file_processor.TestFileProcessor" name="test_process_csv_file" time="0.107" /><testcase classname="tests.test_file_processor.TestFileProcessor" name="test_process_file_csv" time="0.005" /><testcase classname="tests.test_file_processor.TestFileProcessor" name="test_process_file_error" time="0.002" /><testcase classname="tests.test_file_processor.TestFileProcessor" name="test_process_file_json" time="0.003" /><testcase classname="tests.test_file_processor.TestFileProcessor" name="test_process_json_file" time="0.103" /><testcase classname="tests.test_file_processor.TestFileProcessor" name="test_process_local_folder_error" time="0.002" /><testcase classname="tests.test_file_processor.TestFileProcessor" name="test_process_local_folder_no_files" time="0.001" /><testcase classname="tests.test_file_processor.TestFileProcessor" name="test_process_local_folder_success" time="0.001" /><testcase classname="tests.test_file_processor.TestFileProcessor" name="test_process_s3_files_error" time="0.002" /><testcase classname="tests.test_file_processor.TestFileProcessor" name="test_process_s3_files_no_files" time="0.002" /><testcase classname="tests.test_file_processor.TestFileProcessor" name="test_process_s3_files_success" time="0.002" /><testcase classname="tests.test_index_cleanup.TestOpenSearchIndexManager" name="test_init" time="0.193" /><testcase classname="tests.test_index_cleanup.TestOpenSearchIndexManager" name="test_recreate_index_create_error" time="0.105" /><testcase classname="tests.test_index_cleanup.TestOpenSearchIndexManager" name="test_recreate_index_delete_error" time="0.136" /><testcase classname="tests.test_index_cleanup.TestOpenSearchIndexManager" name="test_recreate_index_not_exists" time="0.134" /><testcase classname="tests.test_index_cleanup.TestOpenSearchIndexManager" name="test_recreate_index_success" time="0.131" /><testcase classname="tests.test_index_cleanup.TestOpenSearchIndexManager" name="test_validate_and_cleanup_index_delete_error" time="0.148" /><testcase classname="tests.test_index_cleanup.TestOpenSearchIndexManager" name="test_validate_and_cleanup_index_not_exists" time="0.157" /><testcase classname="tests.test_index_cleanup.TestOpenSearchIndexManager" name="test_validate_and_cleanup_index_success" time="0.128" /><testcase classname="tests.test_index_cleanup.TestOpenSearchIndexManager" name="test_validate_and_cleanup_index_with_aliases" time="0.131" /><testcase classname="tests.test_opensearch_base_manager.TestOpenSearchBaseManager" name="test_bulk_index_error" time="0.005" /><testcase classname="tests.test_opensearch_base_manager.TestOpenSearchBaseManager" name="test_bulk_index_success" time="0.005" /><testcase classname="tests.test_opensearch_base_manager.TestOpenSearchBaseManager" name="test_check_index_aliases_no_aliases" time="0.005" /><testcase classname="tests.test_opensearch_base_manager.TestOpenSearchBaseManager" name="test_check_index_aliases_success" time="0.005" /><testcase classname="tests.test_opensearch_base_manager.TestOpenSearchBaseManager" name="test_delete_all_documents_success" time="0.005" /><testcase classname="tests.test_opensearch_base_manager.TestOpenSearchBaseManager" name="test_get_index_count_error" time="0.004" /><testcase classname="tests.test_opensearch_base_manager.TestOpenSearchBaseManager" name="test_get_index_count_success" time="0.005" /><testcase classname="tests.test_opensearch_base_manager.TestOpenSearchBaseManager" name="test_init_no_endpoint" time="0.006" /><testcase classname="tests.test_opensearch_base_manager.TestOpenSearchBaseManager" name="test_init_success" time="0.004" /><testcase classname="tests.test_opensearch_base_manager.TestOpenSearchBaseManager" name="test_make_request_all_retries_fail" time="3.006" /><testcase classname="tests.test_opensearch_base_manager.TestOpenSearchBaseManager" name="test_make_request_retry_success" time="1.006" /><testcase classname="tests.test_opensearch_base_manager.TestOpenSearchBaseManager" name="test_make_request_success" time="0.004" /><testcase classname="tests.test_opensearch_base_manager.TestOpenSearchBaseManager" name="test_make_request_with_data" time="0.005" /><testcase classname="tests.test_opensearch_base_manager.TestOpenSearchBaseManager" name="test_verify_index_exists_false" time="0.004" /><testcase classname="tests.test_opensearch_base_manager.TestOpenSearchBaseManager" name="test_verify_index_exists_true" time="0.004" /><testcase classname="tests.test_reindex.TestReindex" name="test_reindex_index_bulk_error" time="0.265" /><testcase classname="tests.test_reindex.TestReindex" name="test_reindex_index_empty_source" time="0.246" /><testcase classname="tests.test_reindex.TestReindex" name="test_reindex_index_scroll_error" time="0.225" /><testcase classname="tests.test_reindex.TestReindex" name="test_reindex_index_source_not_exists" time="3.548" /><testcase classname="tests.test_reindex.TestReindex" name="test_reindex_index_success" time="0.275" /><testcase classname="tests.test_switch_alias.TestOpenSearchAliasManager" name="test_get_alias_info_not_exists" time="0.133" /><testcase classname="tests.test_switch_alias.TestOpenSearchAliasManager" name="test_get_alias_info_success" time="0.117" /><testcase classname="tests.test_switch_alias.TestOpenSearchAliasManager" name="test_init" time="0.105" /><testcase classname="tests.test_switch_alias.TestOpenSearchAliasManager" name="test_switch_alias_index_not_exists" time="0.130" /><testcase classname="tests.test_switch_alias.TestOpenSearchAliasManager" name="test_switch_alias_request_error" time="0.127" /><testcase classname="tests.test_switch_alias.TestOpenSearchAliasManager" name="test_switch_alias_success" time="0.118" /></testsuite></testsuites>